2021-09-07 16:51:38,999 - movie_review_logger - INFO - 가상 브라우저 실행...
2021-09-07 16:53:14,493 - movie_review_logger - INFO - 가상 브라우저 실행...
2021-09-07 16:53:15,900 - movie_review_logger - INFO - 밥정 리뷰 수집 시작...
2021-09-07 16:53:38,183 - movie_review_logger - INFO - 가상 브라우저 실행...
2021-09-07 16:53:39,548 - movie_review_logger - INFO - 밥정 리뷰 수집 시작...
2021-09-07 16:53:52,358 - movie_review_logger - INFO - 가상 브라우저 실행...
2021-09-07 16:53:54,017 - movie_review_logger - INFO - 밥정 리뷰 수집 시작...
2021-09-07 16:55:31,768 - movie_review_logger - INFO - 가상 브라우저 실행...
2021-09-07 16:55:33,276 - movie_review_logger - INFO - 밥정 리뷰 수집 시작...
2021-09-07 17:01:16,539 - movie_review_logger - INFO - 가상 브라우저 실행...
2021-09-07 17:01:20,105 - movie_review_logger - INFO - 밥정 리뷰 수집 시작...
2021-09-07 18:01:22,166 - movie_review_logger - INFO - 가상 브라우저 실행...
2021-09-07 18:01:25,696 - movie_review_logger - INFO -  리뷰 수집 시작...
2021-09-07 18:01:26,459 - movie_review_logger - INFO - 1 페이지 완료...
2021-09-07 18:01:27,122 - movie_review_logger - INFO - 2 페이지 완료...
2021-09-07 18:01:27,745 - movie_review_logger - INFO - 3 페이지 완료...
2021-09-07 18:01:28,448 - movie_review_logger - INFO - 4 페이지 완료...
2021-09-07 18:01:29,036 - movie_review_logger - INFO - 5 페이지 완료...
2021-09-07 18:01:29,729 - movie_review_logger - INFO - 6 페이지 완료...
2021-09-07 18:01:30,297 - movie_review_logger - INFO - 7 페이지 완료...
2021-09-07 18:01:30,813 - movie_review_logger - INFO - 8 페이지 완료...
2021-09-07 18:01:31,480 - movie_review_logger - INFO - 9 페이지 완료...
2021-09-07 18:01:32,071 - movie_review_logger - INFO - 10 페이지 완료...
2021-09-07 18:01:33,032 - movie_review_logger - INFO - 11 페이지 완료...
2021-09-07 18:01:33,793 - movie_review_logger - INFO - 12 페이지 완료...
2021-09-07 18:01:34,457 - movie_review_logger - INFO - 13 페이지 완료...
2021-09-07 18:01:35,214 - movie_review_logger - INFO - 14 페이지 완료...
2021-09-07 18:01:36,009 - movie_review_logger - INFO - 15 페이지 완료...
2021-09-07 18:01:36,821 - movie_review_logger - INFO - 16 페이지 완료...
2021-09-07 18:01:37,520 - movie_review_logger - INFO - 17 페이지 완료...
2021-09-07 18:01:38,225 - movie_review_logger - INFO - 18 페이지 완료...
2021-09-07 18:01:38,848 - movie_review_logger - INFO - 19 페이지 완료...
2021-09-07 18:01:39,563 - movie_review_logger - INFO - 20 페이지 완료...
2021-09-07 18:01:40,394 - movie_review_logger - INFO - 21 페이지 완료...
2021-09-07 18:01:41,129 - movie_review_logger - INFO - 22 페이지 완료...
2021-09-07 18:01:41,814 - movie_review_logger - INFO - 23 페이지 완료...
2021-09-07 18:01:42,457 - movie_review_logger - INFO - 24 페이지 완료...
2021-09-07 18:01:43,192 - movie_review_logger - INFO - 25 페이지 완료...
2021-09-07 18:01:43,970 - movie_review_logger - INFO - 26 페이지 완료...
2021-09-07 18:01:44,688 - movie_review_logger - INFO - 27 페이지 완료...
2021-09-07 18:01:45,421 - movie_review_logger - INFO - 28 페이지 완료...
2021-09-07 18:01:46,097 - movie_review_logger - INFO - 29 페이지 완료...
2021-09-07 18:01:46,858 - movie_review_logger - INFO - 30 페이지 완료...
2021-09-07 18:01:47,855 - movie_review_logger - INFO - 31 페이지 완료...
2021-09-07 18:01:48,133 - movie_review_logger - INFO -  영화 리뷰 수집완료...
2021-09-07 18:01:48,978 - movie_review_logger - INFO -  리뷰 수집 시작...
2021-09-07 18:01:49,826 - movie_review_logger - INFO - 1 페이지 완료...
2021-09-07 18:01:50,747 - movie_review_logger - INFO - 2 페이지 완료...
2021-09-07 18:01:51,538 - movie_review_logger - INFO - 3 페이지 완료...
2021-09-07 18:01:52,289 - movie_review_logger - INFO - 4 페이지 완료...
2021-09-07 18:01:53,055 - movie_review_logger - INFO - 5 페이지 완료...
2021-09-07 18:01:53,893 - movie_review_logger - INFO - 6 페이지 완료...
2021-09-07 18:01:54,659 - movie_review_logger - INFO - 7 페이지 완료...
2021-09-07 18:01:55,308 - movie_review_logger - INFO - 8 페이지 완료...
2021-09-07 18:01:56,129 - movie_review_logger - INFO - 9 페이지 완료...
2021-09-07 18:01:56,871 - movie_review_logger - INFO - 10 페이지 완료...
2021-09-07 18:01:59,021 - movie_review_logger - INFO - 가상 브라우저 실행...
2021-09-07 18:02:00,350 - movie_review_logger - INFO -  리뷰 수집 시작...
2021-09-07 18:02:01,159 - movie_review_logger - INFO - 1 페이지 완료...
2021-09-07 18:02:01,864 - movie_review_logger - INFO - 2 페이지 완료...
2021-09-07 18:02:02,522 - movie_review_logger - INFO - 3 페이지 완료...
2021-09-07 18:02:03,171 - movie_review_logger - INFO - 4 페이지 완료...
2021-09-07 18:02:03,731 - movie_review_logger - INFO - 5 페이지 완료...
2021-09-07 18:02:04,417 - movie_review_logger - INFO - 6 페이지 완료...
2021-09-07 18:02:05,092 - movie_review_logger - INFO - 7 페이지 완료...
2021-09-07 18:02:05,655 - movie_review_logger - INFO - 8 페이지 완료...
2021-09-07 18:02:06,279 - movie_review_logger - INFO - 9 페이지 완료...
2021-09-07 18:02:06,913 - movie_review_logger - INFO - 10 페이지 완료...
2021-09-07 18:02:07,602 - movie_review_logger - INFO - 11 페이지 완료...
2021-09-07 18:02:08,339 - movie_review_logger - INFO - 12 페이지 완료...
2021-09-07 18:02:09,001 - movie_review_logger - INFO - 13 페이지 완료...
2021-09-07 18:02:09,658 - movie_review_logger - INFO - 14 페이지 완료...
2021-09-07 18:02:10,461 - movie_review_logger - INFO - 15 페이지 완료...
2021-09-07 18:02:11,223 - movie_review_logger - INFO - 16 페이지 완료...
2021-09-07 18:02:11,906 - movie_review_logger - INFO - 17 페이지 완료...
2021-09-07 18:02:12,654 - movie_review_logger - INFO - 18 페이지 완료...
2021-09-07 18:02:13,272 - movie_review_logger - INFO - 19 페이지 완료...
2021-09-07 18:02:14,002 - movie_review_logger - INFO - 20 페이지 완료...
2021-09-07 18:02:14,788 - movie_review_logger - INFO - 21 페이지 완료...
2021-09-07 18:02:15,559 - movie_review_logger - INFO - 22 페이지 완료...
2021-09-07 18:02:16,207 - movie_review_logger - INFO - 23 페이지 완료...
2021-09-07 18:02:16,888 - movie_review_logger - INFO - 24 페이지 완료...
2021-09-07 18:02:17,713 - movie_review_logger - INFO - 25 페이지 완료...
2021-09-07 18:02:18,492 - movie_review_logger - INFO - 26 페이지 완료...
2021-09-07 18:02:19,206 - movie_review_logger - INFO - 27 페이지 완료...
2021-09-07 18:02:19,944 - movie_review_logger - INFO - 28 페이지 완료...
2021-09-07 18:02:20,635 - movie_review_logger - INFO - 29 페이지 완료...
2021-09-07 18:02:21,410 - movie_review_logger - INFO - 30 페이지 완료...
2021-09-07 18:02:22,279 - movie_review_logger - INFO - 31 페이지 완료...
2021-09-07 18:02:22,565 - movie_review_logger - INFO -  영화 리뷰 수집완료...
2021-09-07 18:02:23,585 - movie_review_logger - INFO -  리뷰 수집 시작...
2021-09-07 18:02:24,431 - movie_review_logger - INFO - 1 페이지 완료...
2021-09-07 18:02:25,258 - movie_review_logger - INFO - 2 페이지 완료...
2021-09-07 18:02:26,035 - movie_review_logger - INFO - 3 페이지 완료...
2021-09-07 18:02:26,790 - movie_review_logger - INFO - 4 페이지 완료...
2021-09-07 18:02:27,624 - movie_review_logger - INFO - 5 페이지 완료...
2021-09-07 18:02:28,403 - movie_review_logger - INFO - 6 페이지 완료...
2021-09-07 18:02:29,179 - movie_review_logger - INFO - 7 페이지 완료...
2021-09-07 18:02:29,796 - movie_review_logger - INFO - 8 페이지 완료...
2021-09-07 18:02:30,574 - movie_review_logger - INFO - 9 페이지 완료...
2021-09-07 18:02:31,307 - movie_review_logger - INFO - 10 페이지 완료...
2021-09-07 18:02:31,993 - movie_review_logger - INFO - 11 페이지 완료...
2021-09-07 18:02:32,670 - movie_review_logger - INFO - 12 페이지 완료...
2021-09-07 18:02:33,422 - movie_review_logger - INFO - 13 페이지 완료...
2021-09-07 18:02:34,141 - movie_review_logger - INFO - 14 페이지 완료...
2021-09-07 18:02:34,945 - movie_review_logger - INFO - 15 페이지 완료...
2021-09-07 18:02:35,774 - movie_review_logger - INFO - 16 페이지 완료...
2021-09-07 18:02:36,536 - movie_review_logger - INFO - 17 페이지 완료...
2021-09-07 18:02:37,326 - movie_review_logger - INFO - 18 페이지 완료...
2021-09-07 18:02:38,178 - movie_review_logger - INFO - 19 페이지 완료...
2021-09-07 18:02:39,006 - movie_review_logger - INFO - 20 페이지 완료...
2021-09-07 18:02:39,793 - movie_review_logger - INFO - 21 페이지 완료...
2021-09-07 18:02:40,506 - movie_review_logger - INFO - 22 페이지 완료...
2021-09-07 18:02:41,239 - movie_review_logger - INFO - 23 페이지 완료...
2021-09-07 18:02:41,938 - movie_review_logger - INFO - 24 페이지 완료...
2021-09-07 18:02:42,796 - movie_review_logger - INFO - 25 페이지 완료...
2021-09-07 18:02:43,622 - movie_review_logger - INFO - 26 페이지 완료...
2021-09-07 18:02:44,540 - movie_review_logger - INFO - 27 페이지 완료...
2021-09-07 18:02:45,337 - movie_review_logger - INFO - 28 페이지 완료...
2021-09-07 18:02:46,121 - movie_review_logger - INFO - 29 페이지 완료...
2021-09-07 18:02:46,937 - movie_review_logger - INFO - 30 페이지 완료...
2021-09-07 18:02:47,704 - movie_review_logger - INFO - 31 페이지 완료...
2021-09-07 18:02:48,540 - movie_review_logger - INFO - 32 페이지 완료...
2021-09-07 18:02:49,397 - movie_review_logger - INFO - 33 페이지 완료...
2021-09-07 18:02:50,255 - movie_review_logger - INFO - 34 페이지 완료...
2021-09-07 18:02:51,008 - movie_review_logger - INFO - 35 페이지 완료...
2021-09-07 18:02:51,957 - movie_review_logger - INFO - 36 페이지 완료...
2021-09-07 18:02:52,859 - movie_review_logger - INFO - 37 페이지 완료...
2021-09-07 18:02:53,793 - movie_review_logger - INFO - 38 페이지 완료...
2021-09-07 18:02:54,622 - movie_review_logger - INFO - 39 페이지 완료...
2021-09-07 18:02:55,546 - movie_review_logger - INFO - 40 페이지 완료...
2021-09-07 18:02:56,421 - movie_review_logger - INFO - 41 페이지 완료...
2021-09-07 18:02:57,254 - movie_review_logger - INFO - 42 페이지 완료...
2021-09-07 18:02:58,103 - movie_review_logger - INFO - 43 페이지 완료...
2021-09-07 18:02:58,966 - movie_review_logger - INFO - 44 페이지 완료...
2021-09-07 18:02:59,966 - movie_review_logger - INFO - 45 페이지 완료...
2021-09-07 18:03:00,935 - movie_review_logger - INFO - 46 페이지 완료...
2021-09-07 18:03:01,858 - movie_review_logger - INFO - 47 페이지 완료...
2021-09-07 18:03:02,762 - movie_review_logger - INFO - 48 페이지 완료...
2021-09-07 18:03:03,655 - movie_review_logger - INFO - 49 페이지 완료...
2021-09-07 18:03:04,690 - movie_review_logger - INFO - 50 페이지 완료...
2021-09-07 18:03:05,769 - movie_review_logger - INFO - 51 페이지 완료...
2021-09-07 18:03:06,690 - movie_review_logger - INFO - 52 페이지 완료...
2021-09-07 18:03:07,643 - movie_review_logger - INFO - 53 페이지 완료...
2021-09-07 18:03:08,609 - movie_review_logger - INFO - 54 페이지 완료...
2021-09-07 18:03:09,802 - movie_review_logger - INFO - 55 페이지 완료...
2021-09-07 18:03:10,843 - movie_review_logger - INFO - 56 페이지 완료...
2021-09-07 18:03:11,905 - movie_review_logger - INFO - 57 페이지 완료...
2021-09-07 18:03:13,044 - movie_review_logger - INFO - 58 페이지 완료...
2021-09-07 18:03:14,177 - movie_review_logger - INFO - 59 페이지 완료...
2021-09-07 18:03:15,173 - movie_review_logger - INFO - 60 페이지 완료...
2021-09-07 18:03:16,257 - movie_review_logger - INFO - 61 페이지 완료...
2021-09-07 18:03:17,243 - movie_review_logger - INFO - 62 페이지 완료...
2021-09-07 18:03:18,158 - movie_review_logger - INFO - 63 페이지 완료...
2021-09-07 18:03:19,053 - movie_review_logger - INFO - 64 페이지 완료...
2021-09-07 18:03:20,106 - movie_review_logger - INFO - 65 페이지 완료...
2021-09-07 18:03:21,257 - movie_review_logger - INFO - 66 페이지 완료...
2021-09-07 18:03:22,256 - movie_review_logger - INFO - 67 페이지 완료...
2021-09-07 18:03:23,286 - movie_review_logger - INFO - 68 페이지 완료...
2021-09-07 18:03:24,251 - movie_review_logger - INFO - 69 페이지 완료...
2021-09-07 18:03:25,199 - movie_review_logger - INFO - 70 페이지 완료...
2021-09-07 18:03:26,125 - movie_review_logger - INFO - 71 페이지 완료...
2021-09-07 18:03:27,042 - movie_review_logger - INFO - 72 페이지 완료...
2021-09-07 18:03:27,942 - movie_review_logger - INFO - 73 페이지 완료...
2021-09-07 18:03:29,040 - movie_review_logger - INFO - 74 페이지 완료...
2021-09-07 18:03:30,116 - movie_review_logger - INFO - 75 페이지 완료...
2021-09-07 18:03:31,040 - movie_review_logger - INFO -  영화 리뷰 수집완료...
2021-09-08 09:35:19,818 - movie_review_logger - INFO - 가상 브라우저 실행...
2021-09-08 09:35:23,611 - movie_review_logger - INFO -  리뷰 수집 시작...
2021-09-08 09:35:24,291 - movie_review_logger - INFO - 1 페이지 완료...
2021-09-08 09:35:24,875 - movie_review_logger - INFO - 2 페이지 완료...
2021-09-08 09:35:25,464 - movie_review_logger - INFO - 3 페이지 완료...
2021-09-08 09:35:26,009 - movie_review_logger - INFO - 4 페이지 완료...
2021-09-08 09:35:26,541 - movie_review_logger - INFO - 5 페이지 완료...
2021-09-08 09:35:27,119 - movie_review_logger - INFO - 6 페이지 완료...
2021-09-08 09:35:27,659 - movie_review_logger - INFO - 7 페이지 완료...
2021-09-08 09:35:28,195 - movie_review_logger - INFO - 8 페이지 완료...
2021-09-08 09:35:28,783 - movie_review_logger - INFO - 9 페이지 완료...
2021-09-08 09:35:29,328 - movie_review_logger - INFO - 10 페이지 완료...
2021-09-08 09:35:29,912 - movie_review_logger - INFO - 11 페이지 완료...
2021-09-08 09:35:30,548 - movie_review_logger - INFO - 12 페이지 완료...
2021-09-08 09:35:31,135 - movie_review_logger - INFO - 13 페이지 완료...
2021-09-08 09:35:31,766 - movie_review_logger - INFO - 14 페이지 완료...
2021-09-08 09:35:32,457 - movie_review_logger - INFO - 15 페이지 완료...
2021-09-08 09:35:33,135 - movie_review_logger - INFO - 16 페이지 완료...
2021-09-08 09:35:33,745 - movie_review_logger - INFO - 17 페이지 완료...
2021-09-08 09:35:34,429 - movie_review_logger - INFO - 18 페이지 완료...
2021-09-08 09:35:35,007 - movie_review_logger - INFO - 19 페이지 완료...
2021-09-08 09:35:35,666 - movie_review_logger - INFO - 20 페이지 완료...
2021-09-08 09:35:36,469 - movie_review_logger - INFO - 21 페이지 완료...
2021-09-08 09:35:37,201 - movie_review_logger - INFO - 22 페이지 완료...
2021-09-08 09:35:37,818 - movie_review_logger - INFO - 23 페이지 완료...
2021-09-08 09:35:38,477 - movie_review_logger - INFO - 24 페이지 완료...
2021-09-08 09:35:39,196 - movie_review_logger - INFO - 25 페이지 완료...
